<?xml version="1.0" encoding="UTF-8"?>
<!-- Generated by org.testng.reporters.JUnitReportReporter -->
<testsuite hostname="Geetha" failures="0" tests="1" name="mandatoryHomeWork.selenium.Day4" time="18.688" errors="0" timestamp="2023-08-22T19:13:28 IST" skipped="0">
  <testcase classname="mandatoryHomeWork.selenium.Day4" name="day4" time="18.688"/>
  <system-out/>
</testsuite> <!-- mandatoryHomeWork.selenium.Day4 -->
