<?xml version="1.0" encoding="UTF-8"?>
<!-- Generated by org.testng.reporters.JUnitReportReporter -->
<testsuite hostname="Geetha" failures="0" tests="1" name="MandatoryHomeWork.MentorClassroomSession.Q15_PivitIndex" time="0.010" errors="0" timestamp="2023-08-16T06:59:42 IST" skipped="0">
  <testcase classname="MandatoryHomeWork.MentorClassroomSession.Q15_PivitIndex" name="test1" time="0.010"/>
  <system-out/>
</testsuite> <!-- MandatoryHomeWork.MentorClassroomSession.Q15_PivitIndex -->
